{"numTotalTestSuites":2,"numPassedTestSuites":1,"numFailedTestSuites":0,"numPendingTestSuites":1,"numTotalTests":6,"numPassedTests":0,"numFailedTests":0,"numPendingTests":0,"numTodoTests":0,"snapshot":{"added":0,"failure":false,"filesAdded":0,"filesRemoved":0,"filesRemovedList":[],"filesUnmatched":0,"filesUpdated":0,"matched":0,"total":0,"unchecked":0,"uncheckedKeysByFile":[],"unmatched":0,"updated":0,"didUpdate":false},"startTime":1774455759491,"success":true,"testResults":[{"assertionResults":[{"ancestorTitles":["OwnerAgentDashboard — affichage dates visites"],"fullName":"OwnerAgentDashboard — affichage dates visites affiche la date initiale (preferred_date) pour une visite pending","status":"pending","title":"affiche la date initiale (preferred_date) pour une visite pending","failureMessages":[],"meta":{},"tags":[]},{"ancestorTitles":["OwnerAgentDashboard — affichage dates visites"],"fullName":"OwnerAgentDashboard — affichage dates visites affiche la counter_date du locataire quand il contre-propose","status":"pending","title":"affiche la counter_date du locataire quand il contre-propose","failureMessages":[],"meta":{},"tags":[]},{"ancestorTitles":["OwnerAgentDashboard — affichage dates visites"],"fullName":"OwnerAgentDashboard — affichage dates visites affiche \"Le locataire propose\" quand counter_proposed_by === tenant","status":"pending","title":"affiche \"Le locataire propose\" quand counter_proposed_by === tenant","failureMessages":[],"meta":{},"tags":[]},{"ancestorTitles":["OwnerAgentDashboard — affichage dates visites"],"fullName":"OwnerAgentDashboard — affichage dates visites affiche la date initiale barrée quand le locataire contre-propose","status":"pending","title":"affiche la date initiale barrée quand le locataire contre-propose","failureMessages":[],"meta":{},"tags":[]},{"ancestorTitles":["OwnerAgentDashboard — affichage dates visites"],"fullName":"OwnerAgentDashboard — affichage dates visites affiche \"Votre proposition\" quand counter_proposed_by === owner","status":"pending","title":"affiche \"Votre proposition\" quand counter_proposed_by === owner","failureMessages":[],"meta":{},"tags":[]},{"ancestorTitles":["OwnerAgentDashboard — affichage dates visites"],"fullName":"OwnerAgentDashboard — affichage dates visites affiche preferred_date en principal quand c'est le proprio qui a contre-proposé","status":"pending","title":"affiche preferred_date en principal quand c'est le proprio qui a contre-proposé","failureMessages":[],"meta":{},"tags":[]}],"startTime":1774455759491,"endTime":1774455759491,"status":"passed","message":"","name":"/home/aymeric/Downloads/homeci/src/components/__tests__/OwnerAgentDashboard.visit.test.tsx"}]}